----------------------------------------------------
----------------------------------------------------
1






        ************************************************************************************************************************
        ************************************************************************************************************************
        ************************************************************************************************************************
        *****                                                                                                              *****
        *****                                       program verification information                                       *****
        *****                                                                                                              *****
        *****                                   code system:  SCALE    version:  6.3                                       *****
        *****                                                                                                              *****
        ************************************************************************************************************************
        ************************************************************************************************************************
        *****                                                                                                              *****
        *****                                                                                                              *****
        *****              program:  polaris                                                                               *****
        *****                                                                                                              *****
        *****        creation date:   unknown                                                                              *****
        *****                                                                                                              *****
        *****              library:  /Users/hu4/Codes/Scale/runs/davidson                                                  *****
        *****                                                                                                              *****
        *****                                                                                                              *****
        *****            test code:  polaris                                                                               *****
        *****                                                                                                              *****
        *****              version:  6.3                                                                                   *****
        *****                                                                                                              *****
        *****              jobname:  hu4                                                                                   *****
        *****                                                                                                              *****
        *****         machine name:  sphmbpro                                                                              *****
        *****                                                                                                              *****
        *****    date of execution:  02_mar_2018                                                                           *****
        *****                                                                                                              *****
        *****    time of execution:  10:44:40.42                                                                           *****
        *****                                                                                                              *****
        *****                                                                                                              *****
        ************************************************************************************************************************
        ************************************************************************************************************************
        ************************************************************************************************************************


--------------------------------------------------------------------------------
 Case: Takahama unit 3 RCA
SF97-4
ORNL/TM-2010/44 Spec

 Library: /Users/hu4/Codes/ScaleData/scale.rev04.xn56v7.1
--------------------------------------------------------------------------------


Input echo written to file {rca_pwr_2.idc}.


Summary of Calculations
-----------------------
Total number of statepoint calculations                    = 1
Total number of time-dependent histories                   = 1

History 1                                                  = 'BASE_HISTORY'
  Number of time-dependent calcs                           = 1
  Number of instantaneous branches                         = 0
  Number of statepoints                                    = 1

-----------------------


Statepoint Summary (Calculation Order)
--------------------------------------

Statepoint 1
  History = 'BASE_HISTORY'
  Material 'FUEL.1', Property 'dens', value = 1.0412E+01
  Material 'FUEL.1', Property 'temp', value = 9.0000E+02
  Material 'FUEL.2', Property 'dens', value = 1.0412E+01
  Material 'FUEL.2', Property 'temp', value = 9.0000E+02
  Material 'FUEL.3', Property 'dens', value = 1.0412E+01
  Material 'FUEL.3', Property 'temp', value = 9.0000E+02
  Material 'CLAD.1', Property 'dens', value = 6.5600E+00
  Material 'CLAD.1', Property 'temp', value = 6.0000E+02
  Material 'CNTL.1', Property 'dens', value = 1.0200E+01
  Material 'CNTL.1', Property 'temp', value = 5.7784E+02
  Material 'CNTL.2', Property 'dens', value = 1.7600E+00
  Material 'CNTL.2', Property 'temp', value = 5.7784E+02
  Material 'COOL.1', Property 'dens', value = 7.1600E-01
  Material 'COOL.1', Property 'temp', value = 5.7784E+02
  Material 'COOL.1', Property 'boron', value = 1.1530E+03
  Material 'COOL.2', Property 'dens', value = 7.1600E-01
  Material 'COOL.2', Property 'temp', value = 5.7784E+02
  Material 'COOL.2', Property 'boron', value = 1.1530E+03
  Material 'GAP.1', Property 'dens', value = 1.7860E-04
  Material 'GAP.1', Property 'temp', value = 5.7784E+02
  Material 'GRID.1', Property 'dens', value = 6.5600E+00
  Material 'GRID.1', Property 'temp', value = 5.7784E+02
  Material 'GRID.2', Property 'dens', value = 8.3000E+00
  Material 'GRID.2', Property 'temp', value = 5.7784E+02
  Material 'MOD.1', Property 'dens', value = 7.4300E-01
  Material 'MOD.1', Property 'temp', value = 5.7784E+02
  Material 'MOD.2', Property 'dens', value = 7.4300E-01
  Material 'MOD.2', Property 'temp', value = 5.7784E+02
  Material 'STRUCT.1', Property 'dens', value = 7.9400E+00
  Material 'STRUCT.1', Property 'temp', value = 5.7784E+02
  Material 'TUBE.1', Property 'dens', value = 6.5600E+00
  Material 'TUBE.1', Property 'temp', value = 5.7784E+02
  Power = 0.0000E+00 (MW/MTHM)
  Initial time   = 0.0000E+00, delta = 0.0000E+00, final time   = 0.0000E+00 (days)
  Initial burnup = 0.0000E+00, delta = 0.0000E+00, final burnup = 0.0000E+00 (GWD/MTHM)
--------------------------------------

Geometry cells: 2009
Total number of segments: 81905
Geometry cells: 2009
Total number of segments: 80572

--------------------------------------------------
Statepoint 1
--------------------------------------------------

================================================================================

                    GeneralizedDavidson Solver Solver Status

The solver is initialized.
The number of iterations performed is 0
The number of operator applies performed is 1
The block size is         1
The current basis size is 1
The number of requested eigenvalues is 1
The number of converged values is 0

CURRENT RITZ VALUES
              Ritz Value                 Residual Norm
--------------------------------------------------------------------------------
  -1.185069e+02 + i   0.000000e+00        1.609881e+02

================================================================================


================================================================================

                    GeneralizedDavidson Solver Solver Status

The solver is initialized.
The number of iterations performed is 1
The number of operator applies performed is 2
The block size is         1
The current basis size is 2
The number of requested eigenvalues is 1
The number of converged values is 0

CURRENT RITZ VALUES
              Ritz Value                 Residual Norm
--------------------------------------------------------------------------------
   8.072308e+00 + i   0.000000e+00        3.880430e+00

================================================================================


================================================================================

                    GeneralizedDavidson Solver Solver Status

The solver is initialized.
The number of iterations performed is 2
The number of operator applies performed is 3
The block size is         1
The current basis size is 3
The number of requested eigenvalues is 1
The number of converged values is 0

CURRENT RITZ VALUES
              Ritz Value                 Residual Norm
--------------------------------------------------------------------------------
   3.413980e+00 + i   0.000000e+00        6.590809e-01

================================================================================


================================================================================

                    GeneralizedDavidson Solver Solver Status

The solver is initialized.
The number of iterations performed is 3
The number of operator applies performed is 4
The block size is         1
The current basis size is 4
The number of requested eigenvalues is 1
The number of converged values is 0

CURRENT RITZ VALUES
              Ritz Value                 Residual Norm
--------------------------------------------------------------------------------
   2.187979e+00 + i   0.000000e+00        2.414237e-01

================================================================================


================================================================================

                    GeneralizedDavidson Solver Solver Status

The solver is initialized.
The number of iterations performed is 4
The number of operator applies performed is 5
The block size is         1
The current basis size is 5
The number of requested eigenvalues is 1
The number of converged values is 0

CURRENT RITZ VALUES
              Ritz Value                 Residual Norm
--------------------------------------------------------------------------------
   1.336664e+00 + i   0.000000e+00        4.880207e-02

================================================================================


================================================================================

                    GeneralizedDavidson Solver Solver Status

The solver is initialized.
The number of iterations performed is 5
The number of operator applies performed is 6
The block size is         1
The current basis size is 6
The number of requested eigenvalues is 1
The number of converged values is 0

CURRENT RITZ VALUES
              Ritz Value                 Residual Norm
--------------------------------------------------------------------------------
   1.153872e+00 + i   0.000000e+00        6.490340e-03

================================================================================


================================================================================

                    GeneralizedDavidson Solver Solver Status

The solver is initialized.
The number of iterations performed is 6
The number of operator applies performed is 7
The block size is         1
The current basis size is 7
The number of requested eigenvalues is 1
The number of converged values is 0

CURRENT RITZ VALUES
              Ritz Value                 Residual Norm
--------------------------------------------------------------------------------
   1.113156e+00 + i   0.000000e+00        1.044409e-03

================================================================================


================================================================================

                    GeneralizedDavidson Solver Solver Status

The solver is initialized.
The number of iterations performed is 7
The number of operator applies performed is 8
The block size is         1
The current basis size is 8
The number of requested eigenvalues is 1
The number of converged values is 0

CURRENT RITZ VALUES
              Ritz Value                 Residual Norm
--------------------------------------------------------------------------------
   1.113363e+00 + i   0.000000e+00        4.100768e-04

================================================================================


================================================================================

                    GeneralizedDavidson Solver Solver Status

The solver is initialized.
The number of iterations performed is 8
The number of operator applies performed is 9
The block size is         1
The current basis size is 9
The number of requested eigenvalues is 1
The number of converged values is 0

CURRENT RITZ VALUES
              Ritz Value                 Residual Norm
--------------------------------------------------------------------------------
   1.114286e+00 + i   0.000000e+00        1.322773e-04

================================================================================


================================================================================

                    GeneralizedDavidson Solver Solver Status

The solver is initialized.
The number of iterations performed is 9
The number of operator applies performed is 10
The block size is         1
The current basis size is 10
The number of requested eigenvalues is 1
The number of converged values is 0

CURRENT RITZ VALUES
              Ritz Value                 Residual Norm
--------------------------------------------------------------------------------
   1.113582e+00 + i   0.000000e+00        2.161763e-05

================================================================================


================================================================================

                    GeneralizedDavidson Solver Solver Status

The solver is initialized.
The number of iterations performed is 10
The number of operator applies performed is 11
The block size is         1
The current basis size is 11
The number of requested eigenvalues is 1
The number of converged values is 0

CURRENT RITZ VALUES
              Ritz Value                 Residual Norm
--------------------------------------------------------------------------------
   1.113730e+00 + i   0.000000e+00        6.189919e-06

================================================================================


================================================================================

                    GeneralizedDavidson Solver Solver Status

The solver is initialized.
The number of iterations performed is 11
The number of operator applies performed is 12
The block size is         1
The current basis size is 12
The number of requested eigenvalues is 1
The number of converged values is 0

CURRENT RITZ VALUES
              Ritz Value                 Residual Norm
--------------------------------------------------------------------------------
   1.113683e+00 + i   0.000000e+00        2.110744e-06

================================================================================


================================================================================

                    GeneralizedDavidson Solver Solver Status

The solver is initialized.
The number of iterations performed is 12
The number of operator applies performed is 13
The block size is         1
The current basis size is 13
The number of requested eigenvalues is 1
The number of converged values is 1

CURRENT RITZ VALUES
              Ritz Value                 Residual Norm
--------------------------------------------------------------------------------
   1.113694e+00 + i   0.000000e+00        3.538118e-07

================================================================================


================================================================================

                    GeneralizedDavidson Solver Solver Status

The solver is initialized.
The number of iterations performed is 12
The number of operator applies performed is 13
The block size is         1
The current basis size is 13
The number of requested eigenvalues is 1
The number of converged values is 1

CURRENT RITZ VALUES
              Ritz Value                 Residual Norm
--------------------------------------------------------------------------------
   1.113694e+00 + i   0.000000e+00        3.538118e-07

================================================================================


================================================================================

                    GeneralizedDavidson Solver Solver Status

The solver is initialized.
The number of iterations performed is 0
The number of operator applies performed is 1
The block size is         1
The current basis size is 1
The number of requested eigenvalues is 1
The number of converged values is 0

CURRENT RITZ VALUES
              Ritz Value                 Residual Norm
--------------------------------------------------------------------------------
   1.113177e+00 + i   0.000000e+00        4.499614e-04

================================================================================


================================================================================

                    GeneralizedDavidson Solver Solver Status

The solver is initialized.
The number of iterations performed is 1
The number of operator applies performed is 2
The block size is         1
The current basis size is 2
The number of requested eigenvalues is 1
The number of converged values is 0

CURRENT RITZ VALUES
              Ritz Value                 Residual Norm
--------------------------------------------------------------------------------
   1.113173e+00 + i   0.000000e+00        9.783972e-05

================================================================================


================================================================================

                    GeneralizedDavidson Solver Solver Status

The solver is initialized.
The number of iterations performed is 2
The number of operator applies performed is 3
The block size is         1
The current basis size is 3
The number of requested eigenvalues is 1
The number of converged values is 0

CURRENT RITZ VALUES
              Ritz Value                 Residual Norm
--------------------------------------------------------------------------------
   1.113283e+00 + i   0.000000e+00        2.397252e-05

================================================================================


================================================================================

                    GeneralizedDavidson Solver Solver Status

The solver is initialized.
The number of iterations performed is 3
The number of operator applies performed is 4
The block size is         1
The current basis size is 4
The number of requested eigenvalues is 1
The number of converged values is 0

CURRENT RITZ VALUES
              Ritz Value                 Residual Norm
--------------------------------------------------------------------------------
   1.113449e+00 + i   0.000000e+00        6.847473e-06

================================================================================


================================================================================

                    GeneralizedDavidson Solver Solver Status

The solver is initialized.
The number of iterations performed is 4
The number of operator applies performed is 5
The block size is         1
The current basis size is 5
The number of requested eigenvalues is 1
The number of converged values is 0

CURRENT RITZ VALUES
              Ritz Value                 Residual Norm
--------------------------------------------------------------------------------
   1.113568e+00 + i   0.000000e+00        1.371545e-06

================================================================================


================================================================================

                    GeneralizedDavidson Solver Solver Status

The solver is initialized.
The number of iterations performed is 5
The number of operator applies performed is 6
The block size is         1
The current basis size is 6
The number of requested eigenvalues is 1
The number of converged values is 1

CURRENT RITZ VALUES
              Ritz Value                 Residual Norm
--------------------------------------------------------------------------------
   1.113580e+00 + i   0.000000e+00        1.416202e-07

================================================================================


================================================================================

                    GeneralizedDavidson Solver Solver Status

The solver is initialized.
The number of iterations performed is 5
The number of operator applies performed is 6
The block size is         1
The current basis size is 6
The number of requested eigenvalues is 1
The number of converged values is 1

CURRENT RITZ VALUES
              Ritz Value                 Residual Norm
--------------------------------------------------------------------------------
   1.113580e+00 + i   0.000000e+00        1.416202e-07

================================================================================

     Transport: k-eff =  1.11358
     Transport: eta   =  1.53811
     Transport: f     =  0.86637
     Transport: p     =  0.63267
     Transport: eps   =  1.32085
     Transport: k-inf =  1.11358
     Transport: P_fnl =  1.00000
     Transport: P_tnl =  1.00000

Critical Spectrum Calculation Edit
----------------------------------

 Critical spectrum calculation is disabled.


Lattice Physics Edit
--------------------

 Number of fine groups = 56
 Number of broad groups = 2

 First upscatter group in fine-group structure = 37
 First upscatter group in broad-group structure = 1

 Number of Homogenization Regions = 1

 Adjoint option for kinetics parameters (inf.med/critical/uniform): infinte medium adjoint

 Broad-Group Structure
 ---------------------

 |Broad|  Upper   |  Lower   |# of Fine|
 |Group|Energy(eV)|Energy(eV)| Groups  |
 |-----|----------|----------|---------|
 |   1 | 2.000E+07| 6.250E-01|    40   |
 |   2 | 6.250E-01| 1.000E-05|    16   |

 Homogenization Region 1: 'taka'
 ----------------------------------------------------------------

  taka k-inf =  1.11358

  Macroscopic Cross Sections
  --------------------------

  |Group |          |          |          |          |   Eff    |  Kappa-  |
  |  #   |   Flux   |  Total   |Transport | Removal  |   Abs    |   Abs.   |
  |------|----------|----------|----------|----------|----------|----------|
  |   1  | 8.942E-01| 2.473E-01| 1.952E-01| 2.645E-02| 1.104E-02| 1.114E-13|
  |   2  | 1.058E-01| 9.515E-01| 8.156E-01| 1.302E-01| 1.283E-01| 2.270E-12|

  Fission Macroscopic Cross Sections
  ----------------------------------

  |Group |  Kappa-  |          |   Nu-    |          |Kappa-Abs/|
  |  #   |   Fis.   | Fission  | Fission  |   Chi    | Fis (MeV)|
  |------|----------|----------|----------|----------|----------|
  |   1  | 1.052E-13| 3.366E-03| 8.540E-03| 1.000E+00|   207    |
  |   2  | 2.228E-12| 7.168E-02| 1.747E-01| 2.581E-09|   198    |

  Isotope Quantities
  ------------------

   I-135 Concentration                = 2.9068E-21
  Xe-135 Concentration                = 2.9068E-21
  Pm-149 Concentration                = 2.9068E-21
  Sm-149 Concentration                = 2.9068E-21

  Xe-135 Macro Abs XS                 = 3.6752E-16
  Sm-149 Macro Abs XS                 = 1.1511E-17

   U-235 Concentration                = 3.1101E-04
   U-238 Concentration                = 7.3185E-03
  Pu-239 Concentration                = 2.9068E-21
  Pu-241 Concentration                = 2.9068E-21

   U-235 Macro Fis XS                 = 9.8340E-03
   U-238 Macro Fis XS                 = 7.5719E-04
  Pu-239 Macro Fis XS                 = 2.4699E-19
  Pu-241 Macro Fis XS                 = 2.4589E-19

  Scattering Cross-sections
  -------------------------

  |G>G| Scatter  |G>G| Scatter  |G>G| Scatter  |G>G| Scatter  |G>G| Scatter  |
  |---|----------|---|----------|---|----------|---|----------|---|----------|
  |1>2| 1.541E-02|2>1| 1.931E-03|                                               

  ADFs
  ----

  |Broad|          |          |          |          |
  |Group|   West   |  South   |   East   |  North   |
  |-----|----------|----------|----------|----------|
  |  1  | 1.015E+00| 1.015E+00| 1.015E+00| 1.015E+00|
  |  2  | 1.075E+00| 1.075E+00| 1.075E+00| 1.075E+00|
  |-----|----------|----------|----------|----------|

  CDFs on Surface Midpoints
  -------------------------

  |Broad|          |          |          |          |
  |Group|   West   |  South   |   East   |  North   |
  |-----|----------|----------|----------|----------|
  |  1  | 1.238E+00| 1.238E+00| 1.238E+00| 1.238E+00|
  |  2  | 1.282E+00| 1.282E+00| 1.282E+00| 1.282E+00|
  |-----|----------|----------|----------|----------|

  CDFs on Corners
  ---------------

  |Broad|          |          |          |          |
  |Group|    NW    |    SW    |    SE    |    NE    |
  |-----|----------|----------|----------|----------|
  |  1  | 1.199E+00| 1.199E+00| 1.199E+00| 1.199E+00|
  |  2  | 1.310E+00| 1.310E+00| 1.310E+00| 1.310E+00|
  |-----|----------|----------|----------|----------|

  Kinetic Parameters
  ------------------

  |Decay|          |          |   Beta   |  Lambda  |
  |Group|   Beta   |  Lambda  |   Eff.   |   Eff.   |
  |-----|----------|----------|----------|----------|
  |  1  | 2.201E-04| 1.253E-02| 2.201E-04| 1.253E-02|
  |  2  | 1.470E-03| 3.092E-02| 1.470E-03| 3.092E-02|
  |  3  | 1.360E-03| 1.159E-01| 1.360E-03| 1.159E-01|
  |  4  | 2.856E-03| 3.125E-01| 2.856E-03| 3.125E-01|
  |  5  | 9.830E-04| 1.263E+00| 9.830E-04| 1.263E+00|
  |  6  | 3.217E-04| 3.396E+00| 3.217E-04| 3.396E+00|
  | Sum | 7.211E-03| 8.303E-02| 7.211E-03| 8.303E-02|

  |Broad|  Inverse | Adj.Wtd. |
  |Group| Velocity | Inv Vel  |
  |  #  | (sec/cm) | (sec/cm) |
  |-----|----------|----------|
  |   1 | 5.267E-08| 1.316E-07|
  |   2 | 2.354E-06| 5.808E-06|

 Fission Density Peaking Factors
 -------------------------------
 0.0000 1.0812 1.0756 0.0000 1.0212 0.2748 0.0000 1.0940 1.0712
 1.0812 1.0389 0.9961 1.0565 1.0329 1.0004 1.0769 1.0658 1.0661
 1.0756 0.9961 0.2709 1.0323 1.0569 1.0572 1.0860 1.0639 1.0625
 0.0000 1.0565 1.0323 0.0000 1.0882 1.0788 0.0000 1.0656 1.0453
 1.0212 1.0329 1.0569 1.0882 1.0824 1.0461 0.2758 0.9895 1.0404
 0.2748 1.0004 1.0572 1.0788 1.0461 0.0000 1.0102 1.0110 1.0253
 0.0000 1.0769 1.0860 0.0000 0.2758 1.0102 1.0285 1.0223 1.0412
 1.0940 1.0658 1.0639 1.0656 0.9895 1.0110 1.0223 1.0257 1.0466
 1.0712 1.0661 1.0625 1.0453 1.0404 1.0253 1.0412 1.0466 1.0554
 
 Neutrons Per Fission
 --------------------
 0.0000 2.4632 2.4636 0.0000 2.4644 2.5263 0.0000 2.4622 2.4652
 2.4632 2.4637 2.4644 2.4638 2.4644 2.4646 2.4640 2.4639 2.4635
 2.4636 2.4644 2.5241 2.4651 2.4638 2.4635 2.4629 2.4642 2.4636
 0.0000 2.4638 2.4651 0.0000 2.4619 2.4640 0.0000 2.4637 2.4651
 2.4644 2.4644 2.4638 2.4619 2.4635 2.4644 2.5261 2.4657 2.4641
 2.5263 2.4646 2.4635 2.4640 2.4644 0.0000 2.4651 2.4656 2.4647
 0.0000 2.4640 2.4629 0.0000 2.5261 2.4651 2.4658 2.4648 2.4651
 2.4622 2.4639 2.4642 2.4637 2.4657 2.4656 2.4648 2.4647 2.4652
 2.4652 2.4635 2.4636 2.4651 2.4641 2.4647 2.4651 2.4652 2.4638
 

********************************************************************************
  Polaris execution completed with zero errors.
********************************************************************************


Timex Report for (Overall Timer)
----------------------------
   Elapsed CPU  time(sec):  3.103E+01
   Elapsed Wall time(sec):  2.911E+01
           Efficiency (%): 107
   Number of splits:       1


Timex Report for (MOC Ray Trace)
----------------------------
   Elapsed CPU  time(sec):  1.478E+00
   Elapsed Wall time(sec):  1.481E+00
           Efficiency (%): 100
   Number of splits:       1


Timex Report for (ESSM Transport)
----------------------------
   Elapsed CPU  time(sec):  1.239E+00
   Elapsed Wall time(sec):  1.298E+00
           Efficiency (%): 95
   Number of splits:       1


Timex Report for (KEFF Transport)
----------------------------
   Elapsed CPU  time(sec):  2.125E+01
   Elapsed Wall time(sec):  2.125E+01
           Efficiency (%): 100
   Number of splits:       1


Timex Report for (GAMMA Transport)
----------------------------
   Elapsed CPU  time(sec):  0.000E+00
   Elapsed Wall time(sec):  0.000E+00
           Efficiency (%): 0
   Number of splits:       0


Timex Report for (Depletion)
----------------------------
   Elapsed CPU  time(sec):  0.000E+00
   Elapsed Wall time(sec):  0.000E+00
           Efficiency (%): 0
   Number of splits:       0

